<?xml version="1.0" encoding="UTF-8"?>
<testsuite name="org.validator.testing.PlatformLoaderTest" tests="1" skipped="0" failures="1" errors="0" timestamp="2021-09-17T15:47:56" hostname="tomasfer-ltm.internal.salesforce.com" time="0.004">
  <properties/>
  <testcase name="can_load_resource_file[js, browser, ChromeHeadless93.0.4577.82, MacOS10.15.7]" classname="org.validator.testing.PlatformLoaderTest" time="0.004">
    <failure message="Error: Cannot find module '/Users/tfernandez/projects/json-schema-validator/src/commonTest/resources/schemas/const/object-const.instance.json'" type="Error">Error: Cannot find module '/Users/tfernandez/projects/json-schema-validator/src/commonTest/resources/schemas/const/object-const.instance.json'
	at &lt;global&gt;.webpackEmptyContext(/var/folders/ky/jskcjkpd3hs02p5kbqy0r9nr0000gp/T/_karma_webpack_284803/commons.js:68992)
	at &lt;global&gt;.loadResourceText(/var/folders/ky/jskcjkpd3hs02p5kbqy0r9nr0000gp/T/_karma_webpack_284803/commons.js:66567)
	at org.validator.testing.PlatformLoaderTest.can_load_resource_file(/var/folders/ky/jskcjkpd3hs02p5kbqy0r9nr0000gp/T/_karma_webpack_284803/commons.js:66572)
	at &lt;global&gt;.&lt;unknown&gt;(/var/folders/ky/jskcjkpd3hs02p5kbqy0r9nr0000gp/T/_karma_webpack_284803/commons.js:66616)
	at Context.&lt;anonymous&gt;(/var/folders/ky/jskcjkpd3hs02p5kbqy0r9nr0000gp/T/_karma_webpack_284803/commons.js:57)
</failure>
  </testcase>
  <system-out><![CDATA[]]></system-out>
  <system-err><![CDATA[]]></system-err>
</testsuite>
