<?xml version="1.0" encoding="UTF-8"?>
<testsuite name="org.validator.tck.draft4.optional.NonBmpRegexTest" tests="2" skipped="0" failures="0" errors="0" timestamp="2021-10-10T21:30:56" hostname="tomasfer-ltm.internal.salesforce.com" time="0.011">
  <properties/>
  <testcase name="Proper_UTF_16_surrogate_pair_handling__pattern[js, node]" classname="org.validator.tck.draft4.optional.NonBmpRegexTest" time="0.007"/>
  <testcase name="Proper_UTF_16_surrogate_pair_handling__patternProperties[js, node]" classname="org.validator.tck.draft4.optional.NonBmpRegexTest" time="0.004"/>
  <system-out><![CDATA[]]></system-out>
  <system-err><![CDATA[]]></system-err>
</testsuite>
