<?xml version="1.0" encoding="UTF-8"?>
<testsuite name="org.validator.tck.draft4.DependenciesTest" tests="4" skipped="0" failures="0" errors="0" timestamp="2021-10-10T21:33:34" hostname="tomasfer-ltm.internal.salesforce.com" time="0.007">
  <properties/>
  <testcase name="dependencies_with_escaped_characters[jvm]" classname="org.validator.tck.draft4.DependenciesTest" time="0.004"/>
  <testcase name="dependencies[jvm]" classname="org.validator.tck.draft4.DependenciesTest" time="0.0"/>
  <testcase name="multiple_dependencies_subschema[jvm]" classname="org.validator.tck.draft4.DependenciesTest" time="0.001"/>
  <testcase name="multiple_dependencies[jvm]" classname="org.validator.tck.draft4.DependenciesTest" time="0.001"/>
  <system-out><![CDATA[]]></system-out>
  <system-err><![CDATA[]]></system-err>
</testsuite>
