<?xml version="1.0" encoding="UTF-8"?>
<testsuite name="org.validator.tck.draft4.PropertiesTest" tests="3" skipped="0" failures="0" errors="0" timestamp="2021-10-10T21:33:34" hostname="tomasfer-ltm.internal.salesforce.com" time="0.004">
  <properties/>
  <testcase name="object_properties_validation[jvm]" classname="org.validator.tck.draft4.PropertiesTest" time="0.001"/>
  <testcase name="properties__patternProperties__additionalProperties_interaction[jvm]" classname="org.validator.tck.draft4.PropertiesTest" time="0.003"/>
  <testcase name="properties_with_escaped_characters[jvm]" classname="org.validator.tck.draft4.PropertiesTest" time="0.0"/>
  <system-out><![CDATA[]]></system-out>
  <system-err><![CDATA[]]></system-err>
</testsuite>
