<?xml version="1.0" encoding="UTF-8"?>
<testsuite name="org.validator.tck.draft4.MaxPropertiesTest" tests="2" skipped="0" failures="0" errors="0" timestamp="2021-10-10T21:33:34" hostname="tomasfer-ltm.internal.salesforce.com" time="0.002">
  <properties/>
  <testcase name="maxProperties___0_means_the_object_is_empty[jvm]" classname="org.validator.tck.draft4.MaxPropertiesTest" time="0.001"/>
  <testcase name="maxProperties_validation[jvm]" classname="org.validator.tck.draft4.MaxPropertiesTest" time="0.0"/>
  <system-out><![CDATA[]]></system-out>
  <system-err><![CDATA[]]></system-err>
</testsuite>
