<?xml version="1.0" encoding="UTF-8"?>
<testsuite name="org.validator.tck.draft4.MaximumTest" tests="4" skipped="0" failures="0" errors="0" timestamp="2021-10-10T21:33:34" hostname="tomasfer-ltm.internal.salesforce.com" time="0.002">
  <properties/>
  <testcase name="maximum_validation[jvm]" classname="org.validator.tck.draft4.MaximumTest" time="0.001"/>
  <testcase name="maximum_validation_explicit_false_exclusivity[jvm]" classname="org.validator.tck.draft4.MaximumTest" time="0.0"/>
  <testcase name="maximum_validation_with_unsigned_integer[jvm]" classname="org.validator.tck.draft4.MaximumTest" time="0.0"/>
  <testcase name="exclusiveMaximum_validation[jvm]" classname="org.validator.tck.draft4.MaximumTest" time="0.001"/>
  <system-out><![CDATA[]]></system-out>
  <system-err><![CDATA[]]></system-err>
</testsuite>
