<?xml version="1.0" encoding="UTF-8"?>
<testsuite name="org.validator.tck.draft4.OneOfTest" tests="7" skipped="0" failures="0" errors="0" timestamp="2021-10-10T21:33:34" hostname="tomasfer-ltm.internal.salesforce.com" time="0.004">
  <properties/>
  <testcase name="oneOf_complex_types[jvm]" classname="org.validator.tck.draft4.OneOfTest" time="0.001"/>
  <testcase name="oneOf_with_missing_optional_property[jvm]" classname="org.validator.tck.draft4.OneOfTest" time="0.0"/>
  <testcase name="oneOf[jvm]" classname="org.validator.tck.draft4.OneOfTest" time="0.001"/>
  <testcase name="nested_oneOf__to_check_validation_semantics[jvm]" classname="org.validator.tck.draft4.OneOfTest" time="0.0"/>
  <testcase name="oneOf_with_base_schema[jvm]" classname="org.validator.tck.draft4.OneOfTest" time="0.001"/>
  <testcase name="oneOf_with_empty_schema[jvm]" classname="org.validator.tck.draft4.OneOfTest" time="0.0"/>
  <testcase name="oneOf_with_required[jvm]" classname="org.validator.tck.draft4.OneOfTest" time="0.001"/>
  <system-out><![CDATA[]]></system-out>
  <system-err><![CDATA[]]></system-err>
</testsuite>
