<?xml version="1.0" encoding="UTF-8"?>
<testsuite name="org.validator.tck.draft4.AllOfTest" tests="9" skipped="0" failures="0" errors="0" timestamp="2021-10-10T21:33:34" hostname="tomasfer-ltm.internal.salesforce.com" time="0.087">
  <properties/>
  <testcase name="allOf_with_two_empty_schemas[jvm]" classname="org.validator.tck.draft4.AllOfTest" time="0.072"/>
  <testcase name="allOf_with_the_last_empty_schema[jvm]" classname="org.validator.tck.draft4.AllOfTest" time="0.002"/>
  <testcase name="nested_allOf__to_check_validation_semantics[jvm]" classname="org.validator.tck.draft4.AllOfTest" time="0.002"/>
  <testcase name="allOf_simple_types[jvm]" classname="org.validator.tck.draft4.AllOfTest" time="0.001"/>
  <testcase name="allOf[jvm]" classname="org.validator.tck.draft4.AllOfTest" time="0.003"/>
  <testcase name="allOf_with_the_first_empty_schema[jvm]" classname="org.validator.tck.draft4.AllOfTest" time="0.0"/>
  <testcase name="allOf_with_base_schema[jvm]" classname="org.validator.tck.draft4.AllOfTest" time="0.001"/>
  <testcase name="allOf_with_one_empty_schema[jvm]" classname="org.validator.tck.draft4.AllOfTest" time="0.0"/>
  <testcase name="allOf_combined_with_anyOf__oneOf[jvm]" classname="org.validator.tck.draft4.AllOfTest" time="0.003"/>
  <system-out><![CDATA[]]></system-out>
  <system-err><![CDATA[]]></system-err>
</testsuite>
