<?xml version="1.0" encoding="UTF-8"?>
<testsuite name="org.validator.tck.draft4.MinimumTest" tests="4" skipped="0" failures="0" errors="0" timestamp="2021-10-10T21:33:34" hostname="tomasfer-ltm.internal.salesforce.com" time="0.001">
  <properties/>
  <testcase name="minimum_validation_with_signed_integer[jvm]" classname="org.validator.tck.draft4.MinimumTest" time="0.0"/>
  <testcase name="exclusiveMinimum_validation[jvm]" classname="org.validator.tck.draft4.MinimumTest" time="0.001"/>
  <testcase name="minimum_validation_explicit_false_exclusivity[jvm]" classname="org.validator.tck.draft4.MinimumTest" time="0.0"/>
  <testcase name="minimum_validation[jvm]" classname="org.validator.tck.draft4.MinimumTest" time="0.0"/>
  <system-out><![CDATA[]]></system-out>
  <system-err><![CDATA[]]></system-err>
</testsuite>
