<?xml version="1.0" encoding="UTF-8"?>
<testsuite name="org.validator.tck.draft4.PatternTest" tests="2" skipped="0" failures="0" errors="0" timestamp="2021-10-10T21:33:34" hostname="tomasfer-ltm.internal.salesforce.com" time="0.001">
  <properties/>
  <testcase name="pattern_is_not_anchored[jvm]" classname="org.validator.tck.draft4.PatternTest" time="0.001"/>
  <testcase name="pattern_validation[jvm]" classname="org.validator.tck.draft4.PatternTest" time="0.0"/>
  <system-out><![CDATA[]]></system-out>
  <system-err><![CDATA[]]></system-err>
</testsuite>
