<?xml version="1.0" encoding="UTF-8"?>
<testsuite name="org.validator.tck.draft4.NotTest" tests="4" skipped="0" failures="0" errors="0" timestamp="2021-10-10T21:33:34" hostname="tomasfer-ltm.internal.salesforce.com" time="0.003">
  <properties/>
  <testcase name="not_more_complex_schema[jvm]" classname="org.validator.tck.draft4.NotTest" time="0.001"/>
  <testcase name="not[jvm]" classname="org.validator.tck.draft4.NotTest" time="0.0"/>
  <testcase name="not_multiple_types[jvm]" classname="org.validator.tck.draft4.NotTest" time="0.001"/>
  <testcase name="forbidden_property[jvm]" classname="org.validator.tck.draft4.NotTest" time="0.0"/>
  <system-out><![CDATA[]]></system-out>
  <system-err><![CDATA[]]></system-err>
</testsuite>
