<?xml version="1.0" encoding="UTF-8"?>
<testsuite name="org.validator.tck.draft4.EnumTest" tests="10" skipped="0" failures="0" errors="0" timestamp="2021-10-10T21:33:34" hostname="tomasfer-ltm.internal.salesforce.com" time="0.006">
  <properties/>
  <testcase name="enum_with_escaped_characters[jvm]" classname="org.validator.tck.draft4.EnumTest" time="0.001"/>
  <testcase name="enum_with_1_does_not_match_true[jvm]" classname="org.validator.tck.draft4.EnumTest" time="0.0"/>
  <testcase name="simple_enum_validation[jvm]" classname="org.validator.tck.draft4.EnumTest" time="0.001"/>
  <testcase name="enums_in_properties[jvm]" classname="org.validator.tck.draft4.EnumTest" time="0.001"/>
  <testcase name="enum_with_true_does_not_match_1[jvm]" classname="org.validator.tck.draft4.EnumTest" time="0.0"/>
  <testcase name="heterogeneous_enum_with_null_validation[jvm]" classname="org.validator.tck.draft4.EnumTest" time="0.001"/>
  <testcase name="enum_with_false_does_not_match_0[jvm]" classname="org.validator.tck.draft4.EnumTest" time="0.0"/>
  <testcase name="enum_with_0_does_not_match_false[jvm]" classname="org.validator.tck.draft4.EnumTest" time="0.001"/>
  <testcase name="nul_characters_in_strings[jvm]" classname="org.validator.tck.draft4.EnumTest" time="0.0"/>
  <testcase name="heterogeneous_enum_validation[jvm]" classname="org.validator.tck.draft4.EnumTest" time="0.001"/>
  <system-out><![CDATA[]]></system-out>
  <system-err><![CDATA[]]></system-err>
</testsuite>
