<?xml version="1.0" encoding="UTF-8"?>
<testsuite name="org.validator.tck.draft4.MaxLengthTest" tests="1" skipped="0" failures="0" errors="0" timestamp="2021-10-10T21:33:34" hostname="tomasfer-ltm.internal.salesforce.com" time="0.001">
  <properties/>
  <testcase name="maxLength_validation[jvm]" classname="org.validator.tck.draft4.MaxLengthTest" time="0.001"/>
  <system-out><![CDATA[]]></system-out>
  <system-err><![CDATA[]]></system-err>
</testsuite>
