<?xml version="1.0" encoding="UTF-8"?>
<testsuite name="org.validator.tck.draft4.optional.NonBmpRegexTest" tests="2" skipped="0" failures="0" errors="0" timestamp="2021-10-10T21:33:34" hostname="tomasfer-ltm.internal.salesforce.com" time="0.002">
  <properties/>
  <testcase name="Proper_UTF_16_surrogate_pair_handling__pattern[jvm]" classname="org.validator.tck.draft4.optional.NonBmpRegexTest" time="0.001"/>
  <testcase name="Proper_UTF_16_surrogate_pair_handling__patternProperties[jvm]" classname="org.validator.tck.draft4.optional.NonBmpRegexTest" time="0.001"/>
  <system-out><![CDATA[]]></system-out>
  <system-err><![CDATA[]]></system-err>
</testsuite>
