<?xml version="1.0" encoding="UTF-8"?>
<testsuite name="org.validator.tck.draft4.optional.BignumTest" tests="6" skipped="0" failures="0" errors="0" timestamp="2021-10-10T21:33:34" hostname="tomasfer-ltm.internal.salesforce.com" time="0.002">
  <properties/>
  <testcase name="float_comparison_with_high_precision_on_negative_numbers[jvm]" classname="org.validator.tck.draft4.optional.BignumTest" time="0.001"/>
  <testcase name="number[jvm]" classname="org.validator.tck.draft4.optional.BignumTest" time="0.0"/>
  <testcase name="string[jvm]" classname="org.validator.tck.draft4.optional.BignumTest" time="0.0"/>
  <testcase name="float_comparison_with_high_precision[jvm]" classname="org.validator.tck.draft4.optional.BignumTest" time="0.001"/>
  <testcase name="integer_comparison[jvm]" classname="org.validator.tck.draft4.optional.BignumTest" time="0.0"/>
  <testcase name="integer[jvm]" classname="org.validator.tck.draft4.optional.BignumTest" time="0.0"/>
  <system-out><![CDATA[]]></system-out>
  <system-err><![CDATA[]]></system-err>
</testsuite>
