<?xml version="1.0" encoding="UTF-8"?>
<testsuite name="org.validator.tck.draft4.DefaultTest" tests="3" skipped="0" failures="0" errors="0" timestamp="2021-10-10T21:33:34" hostname="tomasfer-ltm.internal.salesforce.com" time="0.003">
  <properties/>
  <testcase name="the_default_keyword_does_not_do_anything_if_the_property_is_missing[jvm]" classname="org.validator.tck.draft4.DefaultTest" time="0.0"/>
  <testcase name="invalid_string_value_for_default[jvm]" classname="org.validator.tck.draft4.DefaultTest" time="0.002"/>
  <testcase name="invalid_type_for_default[jvm]" classname="org.validator.tck.draft4.DefaultTest" time="0.001"/>
  <system-out><![CDATA[]]></system-out>
  <system-err><![CDATA[]]></system-err>
</testsuite>
